
> frontend@0.0.0 start
> ng serve --port 4200

❯ Building...
✔ Building...
Initial chunk files | Names         |  Raw size
main.js             | main          | 698.23 kB | 
styles.css          | styles        | 100.06 kB | 

                    | Initial total | 798.29 kB

Application bundle generation complete. [57.028 seconds] - 2026-05-05T12:25:18.964Z

Watch mode enabled. Watching for file changes...
NOTE: Raw file sizes do not reflect development server per-request transformations.
  ➜  Local:   http://localhost:4200/
  ➜  press h + enter to show help
❯ Changes detected. Rebuilding...
✔ Changes detected. Rebuilding...
Initial chunk files | Names         |  Raw size
main.js             | main          | 700.88 kB | 
styles.css          | styles        | 104.63 kB | 

                    | Initial total | 805.51 kB

Application bundle generation complete. [12.329 seconds] - 2026-05-05T13:07:55.044Z

Page reload sent to client(s).
❯ Changes detected. Rebuilding...
✔ Changes detected. Rebuilding...
Initial chunk files | Names         |  Raw size
main.js             | main          | 791.86 kB | 
styles.css          | styles        | 109.12 kB | 

                    | Initial total | 900.98 kB

Application bundle generation complete. [5.622 seconds] - 2026-05-05T13:08:01.091Z

Page reload sent to client(s).
